<?xml version="1.0" encoding="UTF-8"?>
<testsuite name="com.revature.service.UserServiceTest" tests="3" skipped="0" failures="0" errors="0" timestamp="2022-04-13T12:58:01" hostname="MSI" time="1.005">
  <properties/>
  <testcase name="testLogin_positive()" classname="com.revature.service.UserServiceTest" time="0.897"/>
  <testcase name="testLogin_negative()" classname="com.revature.service.UserServiceTest" time="0.008"/>
  <testcase name="testSignUpPositive()" classname="com.revature.service.UserServiceTest" time="0.098"/>
  <system-out><![CDATA[]]></system-out>
  <system-err><![CDATA[]]></system-err>
</testsuite>
