<?xml version="1.0" encoding="UTF-8"?>
<testsuite name="com.revature.service.UserServiceTest" tests="3" skipped="0" failures="0" errors="0" timestamp="2022-04-19T14:46:29" hostname="MSI" time="0.171">
  <properties/>
  <testcase name="testLogin_positive()" classname="com.revature.service.UserServiceTest" time="0.036"/>
  <testcase name="testLogin_negative()" classname="com.revature.service.UserServiceTest" time="0.001"/>
  <testcase name="testSignUpPositive()" classname="com.revature.service.UserServiceTest" time="0.132"/>
  <system-out><![CDATA[]]></system-out>
  <system-err><![CDATA[]]></system-err>
</testsuite>
